<?xml version="1.0" encoding="UTF-8"?>
<testsuite name="DataStructureHackerHank2Test" tests="3" skipped="0" failures="0" errors="0" timestamp="2023-12-06T17:18:36" hostname="BR0C02FQ4E4MD6M" time="0.051">
  <properties/>
  <testcase name="testFirstArray()" classname="DataStructureHackerHank2Test" time="0.042"/>
  <testcase name="arrTempHour()" classname="DataStructureHackerHank2Test" time="0.003"/>
  <testcase name="testFirstArrayUpValues()" classname="DataStructureHackerHank2Test" time="0.002"/>
  <system-out><![CDATA[]]></system-out>
  <system-err><![CDATA[]]></system-err>
</testsuite>
