<?xml version="1.0" encoding="UTF-8"?>
<testsuite name="DataStructureHackerHankTest" tests="1" skipped="0" failures="0" errors="0" timestamp="2023-12-06T11:27:28" hostname="DESKTOP-KJ2TEDD" time="0.004">
  <properties/>
  <testcase name="test()" classname="DataStructureHackerHankTest" time="0.004"/>
  <system-out><![CDATA[Hello world!
]]></system-out>
  <system-err><![CDATA[]]></system-err>
</testsuite>
