<?xml version="1.0" encoding="UTF-8"?>
<testsuite name="pip1.entrypoints.PdiControllerTest" tests="1" skipped="0" failures="0" errors="0" timestamp="2024-02-04T17:12:08" hostname="BR0C02FQ4E4MD6M" time="0.828">
  <properties/>
  <testcase name="cadastrarTreinamentoTest()" classname="pip1.entrypoints.PdiControllerTest" time="0.828"/>
  <system-out><![CDATA[]]></system-out>
  <system-err><![CDATA[]]></system-err>
</testsuite>
