<?xml version="1.0" encoding="UTF-8"?>
<testsuite name="usecase.ListarFuncionariosParaPagamentoUseCaseTest" tests="2" skipped="0" failures="0" errors="0" timestamp="2024-01-28T18:50:03" hostname="BR0C02FQ4E4MD6M" time="0.061">
  <properties/>
  <testcase name="getFuncinariosAptosParaSalario()" classname="usecase.ListarFuncionariosParaPagamentoUseCaseTest" time="0.057"/>
  <testcase name="listarFuncionariosAfastados()" classname="usecase.ListarFuncionariosParaPagamentoUseCaseTest" time="0.003"/>
  <system-out><![CDATA[]]></system-out>
  <system-err><![CDATA[]]></system-err>
</testsuite>
