<?xml version="1.0" encoding="UTF-8"?>
<testsuite name="usecase.ListarSalariosEmpregadosUseCaseTest" tests="1" skipped="0" failures="0" errors="0" timestamp="2024-02-01T14:34:36" hostname="BR0C02FQ4E4MD6M" time="0.014">
  <properties/>
  <testcase name="getFuncinariosAptosParaSalario()" classname="usecase.ListarSalariosEmpregadosUseCaseTest" time="0.014"/>
  <system-out><![CDATA[]]></system-out>
  <system-err><![CDATA[]]></system-err>
</testsuite>
