<?xml version="1.0" encoding="UTF-8"?>
<testsuite name="DataStructureHackerHankTest" tests="1" skipped="0" failures="0" errors="0" timestamp="2023-11-27T19:28:29" hostname="BR0C02FQ4E4MD6M" time="0.042">
  <properties/>
  <testcase name="test()" classname="DataStructureHackerHankTest" time="0.042"/>
  <system-out><![CDATA[Hello world!
]]></system-out>
  <system-err><![CDATA[]]></system-err>
</testsuite>
