<?xml version="1.0" encoding="UTF-8"?>
<testsuite name="FirstOnTest" tests="1" skipped="0" failures="0" errors="0" timestamp="2023-12-06T11:09:17" hostname="DESKTOP-KJ2TEDD" time="0.002">
  <properties/>
  <testcase name="returnTrue()" classname="FirstOnTest" time="0.002"/>
  <system-out><![CDATA[]]></system-out>
  <system-err><![CDATA[]]></system-err>
</testsuite>
