<?xml version="1.0" encoding="UTF-8"?>
<testsuite name="DataStructureHackerHank2Test" tests="3" skipped="0" failures="0" errors="0" timestamp="2023-12-06T11:27:27" hostname="DESKTOP-KJ2TEDD" time="0.032">
  <properties/>
  <testcase name="testFirstArray()" classname="DataStructureHackerHank2Test" time="0.026"/>
  <testcase name="arrTempHour()" classname="DataStructureHackerHank2Test" time="0.001"/>
  <testcase name="testFirstArrayUpValues()" classname="DataStructureHackerHank2Test" time="0.001"/>
  <system-out><![CDATA[]]></system-out>
  <system-err><![CDATA[]]></system-err>
</testsuite>
