<?xml version="1.0" encoding="UTF-8"?>
<testsuite name="usecase.ListarFuncionariosParaPagamentoUseCaseTest" tests="4" skipped="0" failures="0" errors="0" timestamp="2024-01-29T12:06:25" hostname="BR0C02FQ4E4MD6M" time="0.137">
  <properties/>
  <testcase name="getFuncinariosAptosParaSalario()" classname="usecase.ListarFuncionariosParaPagamentoUseCaseTest" time="0.075"/>
  <testcase name="listarFuncionariosParaPagamento()" classname="usecase.ListarFuncionariosParaPagamentoUseCaseTest" time="0.004"/>
  <testcase name="listarFuncionariosAfastados()" classname="usecase.ListarFuncionariosParaPagamentoUseCaseTest" time="0.043"/>
  <testcase name="refilQueueFuncionariosToPay()" classname="usecase.ListarFuncionariosParaPagamentoUseCaseTest" time="0.014"/>
  <system-out><![CDATA[]]></system-out>
  <system-err><![CDATA[]]></system-err>
</testsuite>
