<?xml version="1.0" encoding="UTF-8"?>
<testsuite name="DataStructureHackerHankTest" tests="1" skipped="0" failures="0" errors="0" timestamp="2023-12-10T20:03:47" hostname="BR0C02FQ4E4MD6M" time="0.004">
  <properties/>
  <testcase name="test()" classname="DataStructureHackerHankTest" time="0.004"/>
  <system-out><![CDATA[Hello world!
]]></system-out>
  <system-err><![CDATA[]]></system-err>
</testsuite>
