<?xml version="1.0" encoding="UTF-8"?>
<testsuite name="entrypoints.PdiControllerTest" tests="1" skipped="0" failures="0" errors="0" timestamp="2023-12-19T23:18:53" hostname="BR0C02FQ4E4MD6M" time="0.068">
  <properties/>
  <testcase name="cadastrarTreinamentoTest()" classname="entrypoints.PdiControllerTest" time="0.068"/>
  <system-out><![CDATA[]]></system-out>
  <system-err><![CDATA[]]></system-err>
</testsuite>
