<?xml version="1.0" encoding="UTF-8"?>
<testsuite name="pip1.usecase.ListarFuncionariosParaPagamentoUseCaseTest" tests="4" skipped="0" failures="0" errors="0" timestamp="2024-02-04T17:12:09" hostname="BR0C02FQ4E4MD6M" time="0.07">
  <properties/>
  <testcase name="getFuncinariosAptosParaSalario()" classname="pip1.usecase.ListarFuncionariosParaPagamentoUseCaseTest" time="0.059"/>
  <testcase name="listarFuncionariosParaPagamento()" classname="pip1.usecase.ListarFuncionariosParaPagamentoUseCaseTest" time="0.004"/>
  <testcase name="listarFuncionariosAfastados()" classname="pip1.usecase.ListarFuncionariosParaPagamentoUseCaseTest" time="0.003"/>
  <testcase name="refilQueueFuncionariosToPay()" classname="pip1.usecase.ListarFuncionariosParaPagamentoUseCaseTest" time="0.003"/>
  <system-out><![CDATA[]]></system-out>
  <system-err><![CDATA[]]></system-err>
</testsuite>
