<?xml version="1.0" encoding="UTF-8"?>
<testsuite name="entrypoints.PdiControllerTest" tests="1" skipped="0" failures="0" errors="0" timestamp="2024-02-01T14:34:33" hostname="BR0C02FQ4E4MD6M" time="2.392">
  <properties/>
  <testcase name="cadastrarTreinamentoTest()" classname="entrypoints.PdiControllerTest" time="2.392"/>
  <system-out><![CDATA[]]></system-out>
  <system-err><![CDATA[]]></system-err>
</testsuite>
