<?xml version="1.0" encoding="UTF-8"?>
<testsuite name="usecase.TreinamentosUseCaseTest" tests="1" skipped="0" failures="0" errors="0" timestamp="2023-12-19T23:18:52" hostname="BR0C02FQ4E4MD6M" time="1.509">
  <properties/>
  <testcase name="testTreinamentoUseCase()" classname="usecase.TreinamentosUseCaseTest" time="1.509"/>
  <system-out><![CDATA[]]></system-out>
  <system-err><![CDATA[]]></system-err>
</testsuite>
