<?xml version="1.0" encoding="UTF-8"?>
<testsuite name="entrypoints.PdiControllerTest" tests="1" skipped="0" failures="0" errors="0" timestamp="2024-02-04T16:39:00" hostname="BR0C02FQ4E4MD6M" time="0.095">
  <properties/>
  <testcase name="cadastrarTreinamentoTest()" classname="entrypoints.PdiControllerTest" time="0.095"/>
  <system-out><![CDATA[]]></system-out>
  <system-err><![CDATA[]]></system-err>
</testsuite>
