<?xml version="1.0" encoding="UTF-8"?>
<testsuite name="TreinamentoTest" tests="5" skipped="0" failures="0" errors="0" timestamp="2023-12-15T18:24:21" hostname="BR0C02FQ4E4MD6M" time="0.027">
  <properties/>
  <testcase name="testOrdenaListaTreinamentosCompareTo2()" classname="TreinamentoTest" time="0.01"/>
  <testcase name="testOrdenaListaTreinamentos2()" classname="TreinamentoTest" time="0.004"/>
  <testcase name="testOrdenaListaTreinamentos3()" classname="TreinamentoTest" time="0.003"/>
  <testcase name="testOrdenaListaTreinamentos()" classname="TreinamentoTest" time="0.001"/>
  <testcase name="testOrdenaListaTreinamentosCompareTo()" classname="TreinamentoTest" time="0.003"/>
  <system-out><![CDATA[]]></system-out>
  <system-err><![CDATA[]]></system-err>
</testsuite>
