<?xml version="1.0" encoding="UTF-8"?>
<testsuite name="pip1.usecase.ListarSalariosPerCargoUseCase" tests="1" skipped="0" failures="0" errors="0" timestamp="2024-02-04T17:12:09" hostname="BR0C02FQ4E4MD6M" time="0.022">
  <properties/>
  <testcase name="getFuncinariosAptosParaSalario()" classname="pip1.usecase.ListarSalariosPerCargoUseCase" time="0.022"/>
  <system-out><![CDATA[]]></system-out>
  <system-err><![CDATA[]]></system-err>
</testsuite>
