<?xml version="1.0" encoding="UTF-8"?>
<testsuite name="usecase.ListarFuncionariosParaPagamentoUseCaseTest" tests="4" skipped="0" failures="0" errors="0" timestamp="2024-02-01T14:34:36" hostname="BR0C02FQ4E4MD6M" time="0.172">
  <properties/>
  <testcase name="getFuncinariosAptosParaSalario()" classname="usecase.ListarFuncionariosParaPagamentoUseCaseTest" time="0.146"/>
  <testcase name="listarFuncionariosParaPagamento()" classname="usecase.ListarFuncionariosParaPagamentoUseCaseTest" time="0.008"/>
  <testcase name="listarFuncionariosAfastados()" classname="usecase.ListarFuncionariosParaPagamentoUseCaseTest" time="0.006"/>
  <testcase name="refilQueueFuncionariosToPay()" classname="usecase.ListarFuncionariosParaPagamentoUseCaseTest" time="0.008"/>
  <system-out><![CDATA[]]></system-out>
  <system-err><![CDATA[]]></system-err>
</testsuite>
