<?xml version="1.0" encoding="UTF-8"?>
<testsuite name="entrypoints.PdiControllerTest" tests="1" skipped="0" failures="0" errors="0" timestamp="2024-01-02T19:44:44" hostname="BR0C02FQ4E4MD6M" time="0.816">
  <properties/>
  <testcase name="cadastrarTreinamentoTest()" classname="entrypoints.PdiControllerTest" time="0.816"/>
  <system-out><![CDATA[]]></system-out>
  <system-err><![CDATA[]]></system-err>
</testsuite>
