<?xml version="1.0" encoding="UTF-8"?>
<testsuite name="usecase.ListarFuncionariosParaPagamentoUseCaseTest" tests="4" skipped="0" failures="0" errors="0" timestamp="2024-02-04T16:39:00" hostname="BR0C02FQ4E4MD6M" time="0.066">
  <properties/>
  <testcase name="getFuncinariosAptosParaSalario()" classname="usecase.ListarFuncionariosParaPagamentoUseCaseTest" time="0.057"/>
  <testcase name="listarFuncionariosParaPagamento()" classname="usecase.ListarFuncionariosParaPagamentoUseCaseTest" time="0.003"/>
  <testcase name="listarFuncionariosAfastados()" classname="usecase.ListarFuncionariosParaPagamentoUseCaseTest" time="0.002"/>
  <testcase name="refilQueueFuncionariosToPay()" classname="usecase.ListarFuncionariosParaPagamentoUseCaseTest" time="0.002"/>
  <system-out><![CDATA[]]></system-out>
  <system-err><![CDATA[]]></system-err>
</testsuite>
